<?xml version="1.0" encoding="UTF-8"?>
<coverage generated="1778455834763" clover="3.2.0">
  <project timestamp="1778455834763" name="All files">
    <metrics statements="50" coveredstatements="50" conditionals="22" coveredconditionals="21" methods="17" coveredmethods="17" elements="89" coveredelements="88" complexity="0" loc="50" ncloc="50" packages="2" files="2" classes="2"/>
    <package name="api">
      <metrics statements="33" coveredstatements="33" conditionals="17" coveredconditionals="16" methods="10" coveredmethods="10"/>
      <file name="studentApi.js" path="/home/yaseen/student_mangement/src/api/studentApi.js">
        <metrics statements="33" coveredstatements="33" conditionals="17" coveredconditionals="16" methods="10" coveredmethods="10"/>
        <line num="5" count="32" type="stmt"/>
        <line num="9" count="4" type="stmt"/>
        <line num="13" count="6" type="stmt"/>
        <line num="23" count="4" type="stmt"/>
        <line num="24" count="4" type="stmt"/>
        <line num="26" count="4" type="stmt"/>
        <line num="28" count="4" type="stmt"/>
        <line num="29" count="1" type="stmt"/>
        <line num="32" count="4" type="stmt"/>
        <line num="33" count="4" type="cond" truecount="2" falsecount="0"/>
        <line num="34" count="1" type="stmt"/>
        <line num="35" count="1" type="stmt"/>
        <line num="38" count="3" type="stmt"/>
        <line num="46" count="3" type="stmt"/>
        <line num="47" count="3" type="stmt"/>
        <line num="50" count="4" type="stmt"/>
        <line num="51" count="27" type="stmt"/>
        <line num="53" count="3" type="cond" truecount="2" falsecount="0"/>
        <line num="54" count="1" type="stmt"/>
        <line num="55" count="1" type="stmt"/>
        <line num="58" count="2" type="cond" truecount="2" falsecount="0"/>
        <line num="59" count="1" type="stmt"/>
        <line num="60" count="1" type="stmt"/>
        <line num="63" count="1" type="stmt"/>
        <line num="71" count="1" type="stmt"/>
        <line num="74" count="4" type="stmt"/>
        <line num="75" count="17" type="stmt"/>
        <line num="77" count="2" type="cond" truecount="2" falsecount="0"/>
        <line num="78" count="1" type="stmt"/>
        <line num="79" count="1" type="stmt"/>
        <line num="82" count="1" type="stmt"/>
        <line num="83" count="1" type="stmt"/>
        <line num="86" count="4" type="stmt"/>
      </file>
    </package>
    <package name="pages">
      <metrics statements="17" coveredstatements="17" conditionals="5" coveredconditionals="5" methods="7" coveredmethods="7"/>
      <file name="AddStudent.jsx" path="/home/yaseen/student_mangement/src/pages/AddStudent.jsx">
        <metrics statements="17" coveredstatements="17" conditionals="5" coveredconditionals="5" methods="7" coveredmethods="7"/>
        <line num="7" count="1" type="stmt"/>
        <line num="15" count="2" type="stmt"/>
        <line num="16" count="2" type="stmt"/>
        <line num="17" count="2" type="stmt"/>
        <line num="19" count="2" type="stmt"/>
        <line num="20" count="1" type="stmt"/>
        <line num="21" count="1" type="stmt"/>
        <line num="22" count="1" type="stmt"/>
        <line num="25" count="2" type="stmt"/>
        <line num="34" count="1" type="stmt"/>
        <line num="51" count="3" type="stmt"/>
        <line num="52" count="3" type="cond" truecount="2" falsecount="0"/>
        <line num="53" count="1" type="stmt"/>
        <line num="54" count="1" type="stmt"/>
        <line num="57" count="2" type="stmt"/>
        <line num="58" count="2" type="stmt"/>
        <line num="59" count="2" type="stmt"/>
      </file>
    </package>
  </project>
</coverage>
