{"/home/yaseen/testing project /src/app.js": {"path":"/home/yaseen/testing project /src/app.js","statementMap":{"0":{"start":{"line":1,"column":16},"end":{"line":1,"column":34}},"1":{"start":{"line":2,"column":19},"end":{"line":2,"column":50}},"2":{"start":{"line":4,"column":12},"end":{"line":4,"column":21}},"3":{"start":{"line":6,"column":0},"end":{"line":6,"column":24}},"4":{"start":{"line":8,"column":0},"end":{"line":8,"column":30}},"5":{"start":{"line":10,"column":0},"end":{"line":10,"column":21}}},"fnMap":{},"branchMap":{},"s":{"0":1,"1":1,"2":1,"3":1,"4":1,"5":1},"f":{},"b":{},"_coverageSchema":"1a1c01bbd47fc00a2c39e90264f33305004495a9","hash":"82f4f0900906f4e9e18162cde9494f9aa4a3c7ba"}
,"/home/yaseen/testing project /src/controllers/user-controller.js": {"path":"/home/yaseen/testing project /src/controllers/user-controller.js","statementMap":{"0":{"start":{"line":1,"column":18},"end":{"line":1,"column":51}},"1":{"start":{"line":4,"column":2},"end":{"line":6,"column":5}},"2":{"start":{"line":10,"column":2},"end":{"line":20,"column":3}},"3":{"start":{"line":11,"column":17},"end":{"line":11,"column":44}},"4":{"start":{"line":12,"column":4},"end":{"line":15,"column":7}},"5":{"start":{"line":17,"column":4},"end":{"line":19,"column":7}},"6":{"start":{"line":24,"column":2},"end":{"line":35,"column":3}},"7":{"start":{"line":25,"column":19},"end":{"line":25,"column":40}},"8":{"start":{"line":26,"column":17},"end":{"line":26,"column":55}},"9":{"start":{"line":27,"column":4},"end":{"line":30,"column":7}},"10":{"start":{"line":32,"column":4},"end":{"line":34,"column":7}},"11":{"start":{"line":39,"column":2},"end":{"line":50,"column":3}},"12":{"start":{"line":40,"column":19},"end":{"line":40,"column":40}},"13":{"start":{"line":41,"column":24},"end":{"line":41,"column":52}},"14":{"start":{"line":42,"column":4},"end":{"line":45,"column":7}},"15":{"start":{"line":47,"column":4},"end":{"line":49,"column":7}},"16":{"start":{"line":53,"column":0},"end":{"line":58,"column":2}}},"fnMap":{"0":{"name":"getUsers","decl":{"start":{"line":3,"column":9},"end":{"line":3,"column":17}},"loc":{"start":{"line":3,"column":28},"end":{"line":7,"column":1}},"line":3},"1":{"name":"createUser","decl":{"start":{"line":9,"column":9},"end":{"line":9,"column":19}},"loc":{"start":{"line":9,"column":30},"end":{"line":21,"column":1}},"line":9},"2":{"name":"updateUser","decl":{"start":{"line":23,"column":9},"end":{"line":23,"column":19}},"loc":{"start":{"line":23,"column":30},"end":{"line":36,"column":1}},"line":23},"3":{"name":"deleteUser","decl":{"start":{"line":38,"column":9},"end":{"line":38,"column":19}},"loc":{"start":{"line":38,"column":30},"end":{"line":51,"column":1}},"line":38}},"branchMap":{},"s":{"0":1,"1":1,"2":5,"3":5,"4":4,"5":1,"6":3,"7":3,"8":3,"9":1,"10":2,"11":2,"12":2,"13":2,"14":1,"15":1,"16":1},"f":{"0":1,"1":5,"2":3,"3":2},"b":{},"_coverageSchema":"1a1c01bbd47fc00a2c39e90264f33305004495a9","hash":"d96d734d13c733cc186dfd69e221dde725d055d4"}
,"/home/yaseen/testing project /src/routes/user-routes.js": {"path":"/home/yaseen/testing project /src/routes/user-routes.js","statementMap":{"0":{"start":{"line":1,"column":16},"end":{"line":1,"column":34}},"1":{"start":{"line":2,"column":23},"end":{"line":2,"column":64}},"2":{"start":{"line":4,"column":15},"end":{"line":4,"column":31}},"3":{"start":{"line":6,"column":0},"end":{"line":6,"column":41}},"4":{"start":{"line":7,"column":0},"end":{"line":7,"column":44}},"5":{"start":{"line":8,"column":0},"end":{"line":8,"column":46}},"6":{"start":{"line":9,"column":0},"end":{"line":9,"column":49}},"7":{"start":{"line":11,"column":0},"end":{"line":11,"column":24}}},"fnMap":{},"branchMap":{},"s":{"0":1,"1":1,"2":1,"3":1,"4":1,"5":1,"6":1,"7":1},"f":{},"b":{},"_coverageSchema":"1a1c01bbd47fc00a2c39e90264f33305004495a9","hash":"6c85a68032d83a08672dcbbd8a180827421f4b4b"}
,"/home/yaseen/testing project /src/services/email-service.js": {"path":"/home/yaseen/testing project /src/services/email-service.js","statementMap":{"0":{"start":{"line":2,"column":2},"end":{"line":2,"column":32}},"1":{"start":{"line":5,"column":0},"end":{"line":7,"column":2}}},"fnMap":{"0":{"name":"sendWelcomeEmail","decl":{"start":{"line":1,"column":15},"end":{"line":1,"column":31}},"loc":{"start":{"line":1,"column":38},"end":{"line":3,"column":1}},"line":1}},"branchMap":{},"s":{"0":1,"1":1},"f":{"0":1},"b":{},"_coverageSchema":"1a1c01bbd47fc00a2c39e90264f33305004495a9","hash":"394f46f555fbfaa44aba600c36100fd79d4542d5"}
,"/home/yaseen/testing project /src/services/fake-api.js": {"path":"/home/yaseen/testing project /src/services/fake-api.js","statementMap":{"0":{"start":{"line":2,"column":2},"end":{"line":13,"column":5}},"1":{"start":{"line":3,"column":4},"end":{"line":12,"column":11}},"2":{"start":{"line":4,"column":6},"end":{"line":7,"column":7}},"3":{"start":{"line":5,"column":8},"end":{"line":5,"column":44}},"4":{"start":{"line":6,"column":8},"end":{"line":6,"column":15}},"5":{"start":{"line":9,"column":6},"end":{"line":11,"column":9}},"6":{"start":{"line":17,"column":17},"end":{"line":17,"column":37}},"7":{"start":{"line":18,"column":2},"end":{"line":18,"column":24}},"8":{"start":{"line":21,"column":0},"end":{"line":24,"column":2}}},"fnMap":{"0":{"name":"fetchMessage","decl":{"start":{"line":1,"column":9},"end":{"line":1,"column":21}},"loc":{"start":{"line":1,"column":42},"end":{"line":14,"column":1}},"line":1},"1":{"name":"(anonymous_1)","decl":{"start":{"line":2,"column":21},"end":{"line":2,"column":22}},"loc":{"start":{"line":2,"column":42},"end":{"line":13,"column":3}},"line":2},"2":{"name":"(anonymous_2)","decl":{"start":{"line":3,"column":15},"end":{"line":3,"column":16}},"loc":{"start":{"line":3,"column":21},"end":{"line":12,"column":5}},"line":3},"3":{"name":"loadMessage","decl":{"start":{"line":16,"column":15},"end":{"line":16,"column":26}},"loc":{"start":{"line":16,"column":29},"end":{"line":19,"column":1}},"line":16}},"branchMap":{"0":{"loc":{"start":{"line":1,"column":22},"end":{"line":1,"column":40}},"type":"default-arg","locations":[{"start":{"line":1,"column":35},"end":{"line":1,"column":40}}],"line":1},"1":{"loc":{"start":{"line":4,"column":6},"end":{"line":7,"column":7}},"type":"if","locations":[{"start":{"line":4,"column":6},"end":{"line":7,"column":7}},{"start":{},"end":{}}],"line":4}},"s":{"0":3,"1":3,"2":3,"3":1,"4":1,"5":2,"6":1,"7":1,"8":1},"f":{"0":3,"1":3,"2":3,"3":1},"b":{"0":[2],"1":[1,2]},"_coverageSchema":"1a1c01bbd47fc00a2c39e90264f33305004495a9","hash":"ca29db3569da615bf603f59375b85f2ac8cc91dd"}
,"/home/yaseen/testing project /src/services/notification-service.js": {"path":"/home/yaseen/testing project /src/services/notification-service.js","statementMap":{"0":{"start":{"line":1,"column":29},"end":{"line":1,"column":55}},"1":{"start":{"line":4,"column":2},"end":{"line":6,"column":3}},"2":{"start":{"line":5,"column":4},"end":{"line":5,"column":56}},"3":{"start":{"line":8,"column":18},"end":{"line":8,"column":46}},"4":{"start":{"line":9,"column":2},"end":{"line":12,"column":4}},"5":{"start":{"line":15,"column":0},"end":{"line":17,"column":2}}},"fnMap":{"0":{"name":"notifyNewUser","decl":{"start":{"line":3,"column":15},"end":{"line":3,"column":28}},"loc":{"start":{"line":3,"column":35},"end":{"line":13,"column":1}},"line":3}},"branchMap":{"0":{"loc":{"start":{"line":4,"column":2},"end":{"line":6,"column":3}},"type":"if","locations":[{"start":{"line":4,"column":2},"end":{"line":6,"column":3}},{"start":{},"end":{}}],"line":4},"1":{"loc":{"start":{"line":4,"column":6},"end":{"line":4,"column":40}},"type":"binary-expr","locations":[{"start":{"line":4,"column":6},"end":{"line":4,"column":11}},{"start":{"line":4,"column":15},"end":{"line":4,"column":26}},{"start":{"line":4,"column":30},"end":{"line":4,"column":40}}],"line":4}},"s":{"0":1,"1":2,"2":1,"3":1,"4":1,"5":1},"f":{"0":2},"b":{"0":[1,1],"1":[2,2,1]},"_coverageSchema":"1a1c01bbd47fc00a2c39e90264f33305004495a9","hash":"1f4adc25c5536c75a9ffbf323defd9349fbfecd4"}
,"/home/yaseen/testing project /src/services/user-store.js": {"path":"/home/yaseen/testing project /src/services/user-store.js","statementMap":{"0":{"start":{"line":1,"column":12},"end":{"line":1,"column":14}},"1":{"start":{"line":2,"column":13},"end":{"line":2,"column":14}},"2":{"start":{"line":5,"column":16},"end":{"line":5,"column":34}},"3":{"start":{"line":6,"column":2},"end":{"line":6,"column":24}},"4":{"start":{"line":7,"column":2},"end":{"line":7,"column":15}},"5":{"start":{"line":11,"column":2},"end":{"line":13,"column":3}},"6":{"start":{"line":12,"column":4},"end":{"line":12,"column":58}},"7":{"start":{"line":17,"column":2},"end":{"line":17,"column":44}},"8":{"start":{"line":17,"column":30},"end":{"line":17,"column":41}},"9":{"start":{"line":21,"column":2},"end":{"line":21,"column":54}},"10":{"start":{"line":21,"column":30},"end":{"line":21,"column":44}},"11":{"start":{"line":25,"column":2},"end":{"line":25,"column":25}},"12":{"start":{"line":27,"column":15},"end":{"line":31,"column":3}},"13":{"start":{"line":33,"column":2},"end":{"line":33,"column":19}},"14":{"start":{"line":34,"column":2},"end":{"line":34,"column":21}},"15":{"start":{"line":38,"column":23},"end":{"line":38,"column":39}},"16":{"start":{"line":39,"column":2},"end":{"line":41,"column":3}},"17":{"start":{"line":40,"column":4},"end":{"line":40,"column":45}},"18":{"start":{"line":43,"column":22},"end":{"line":43,"column":53}},"19":{"start":{"line":44,"column":2},"end":{"line":44,"column":28}},"20":{"start":{"line":46,"column":2},"end":{"line":46,"column":69}},"21":{"start":{"line":46,"column":31},"end":{"line":46,"column":66}},"22":{"start":{"line":47,"column":2},"end":{"line":47,"column":28}},"23":{"start":{"line":51,"column":20},"end":{"line":51,"column":61}},"24":{"start":{"line":51,"column":46},"end":{"line":51,"column":60}},"25":{"start":{"line":52,"column":2},"end":{"line":54,"column":3}},"26":{"start":{"line":53,"column":4},"end":{"line":53,"column":45}},"27":{"start":{"line":56,"column":24},"end":{"line":56,"column":50}},"28":{"start":{"line":57,"column":2},"end":{"line":57,"column":28}},"29":{"start":{"line":61,"column":2},"end":{"line":61,"column":13}},"30":{"start":{"line":62,"column":2},"end":{"line":62,"column":13}},"31":{"start":{"line":65,"column":0},"end":{"line":72,"column":2}}},"fnMap":{"0":{"name":"createError","decl":{"start":{"line":4,"column":9},"end":{"line":4,"column":20}},"loc":{"start":{"line":4,"column":38},"end":{"line":8,"column":1}},"line":4},"1":{"name":"validateUser","decl":{"start":{"line":10,"column":9},"end":{"line":10,"column":21}},"loc":{"start":{"line":10,"column":28},"end":{"line":14,"column":1}},"line":10},"2":{"name":"getUsers","decl":{"start":{"line":16,"column":9},"end":{"line":16,"column":17}},"loc":{"start":{"line":16,"column":20},"end":{"line":18,"column":1}},"line":16},"3":{"name":"(anonymous_3)","decl":{"start":{"line":17,"column":19},"end":{"line":17,"column":20}},"loc":{"start":{"line":17,"column":30},"end":{"line":17,"column":41}},"line":17},"4":{"name":"findUserById","decl":{"start":{"line":20,"column":9},"end":{"line":20,"column":21}},"loc":{"start":{"line":20,"column":26},"end":{"line":22,"column":1}},"line":20},"5":{"name":"(anonymous_5)","decl":{"start":{"line":21,"column":20},"end":{"line":21,"column":21}},"loc":{"start":{"line":21,"column":30},"end":{"line":21,"column":44}},"line":21},"6":{"name":"addUser","decl":{"start":{"line":24,"column":9},"end":{"line":24,"column":16}},"loc":{"start":{"line":24,"column":27},"end":{"line":35,"column":1}},"line":24},"7":{"name":"updateUser","decl":{"start":{"line":37,"column":9},"end":{"line":37,"column":19}},"loc":{"start":{"line":37,"column":33},"end":{"line":48,"column":1}},"line":37},"8":{"name":"(anonymous_8)","decl":{"start":{"line":46,"column":20},"end":{"line":46,"column":21}},"loc":{"start":{"line":46,"column":31},"end":{"line":46,"column":66}},"line":46},"9":{"name":"deleteUser","decl":{"start":{"line":50,"column":9},"end":{"line":50,"column":19}},"loc":{"start":{"line":50,"column":24},"end":{"line":58,"column":1}},"line":50},"10":{"name":"(anonymous_10)","decl":{"start":{"line":51,"column":36},"end":{"line":51,"column":37}},"loc":{"start":{"line":51,"column":46},"end":{"line":51,"column":60}},"line":51},"11":{"name":"resetUsers","decl":{"start":{"line":60,"column":9},"end":{"line":60,"column":19}},"loc":{"start":{"line":60,"column":22},"end":{"line":63,"column":1}},"line":60}},"branchMap":{"0":{"loc":{"start":{"line":11,"column":2},"end":{"line":13,"column":3}},"type":"if","locations":[{"start":{"line":11,"column":2},"end":{"line":13,"column":3}},{"start":{},"end":{}}],"line":11},"1":{"loc":{"start":{"line":11,"column":6},"end":{"line":11,"column":40}},"type":"binary-expr","locations":[{"start":{"line":11,"column":6},"end":{"line":11,"column":11}},{"start":{"line":11,"column":15},"end":{"line":11,"column":25}},{"start":{"line":11,"column":29},"end":{"line":11,"column":40}}],"line":11},"2":{"loc":{"start":{"line":21,"column":9},"end":{"line":21,"column":53}},"type":"binary-expr","locations":[{"start":{"line":21,"column":9},"end":{"line":21,"column":45}},{"start":{"line":21,"column":49},"end":{"line":21,"column":53}}],"line":21},"3":{"loc":{"start":{"line":39,"column":2},"end":{"line":41,"column":3}},"type":"if","locations":[{"start":{"line":39,"column":2},"end":{"line":41,"column":3}},{"start":{},"end":{}}],"line":39},"4":{"loc":{"start":{"line":46,"column":31},"end":{"line":46,"column":66}},"type":"cond-expr","locations":[{"start":{"line":46,"column":48},"end":{"line":46,"column":59}},{"start":{"line":46,"column":62},"end":{"line":46,"column":66}}],"line":46},"5":{"loc":{"start":{"line":52,"column":2},"end":{"line":54,"column":3}},"type":"if","locations":[{"start":{"line":52,"column":2},"end":{"line":54,"column":3}},{"start":{},"end":{}}],"line":52}},"s":{"0":2,"1":2,"2":5,"3":5,"4":5,"5":11,"6":3,"7":1,"8":0,"9":5,"10":4,"11":8,"12":6,"13":6,"14":6,"15":4,"16":4,"17":1,"18":3,"19":3,"20":2,"21":3,"22":2,"23":2,"24":1,"25":2,"26":1,"27":1,"28":1,"29":10,"30":10,"31":2},"f":{"0":5,"1":11,"2":1,"3":0,"4":5,"5":4,"6":8,"7":4,"8":3,"9":2,"10":1,"11":10},"b":{"0":[3,8],"1":[11,11,9],"2":[5,1],"3":[1,3],"4":[2,1],"5":[1,1]},"_coverageSchema":"1a1c01bbd47fc00a2c39e90264f33305004495a9","hash":"e921b5635f982d98155d975fddc4ce8fc8b16342"}
,"/home/yaseen/testing project /src/utils/basic-utils.js": {"path":"/home/yaseen/testing project /src/utils/basic-utils.js","statementMap":{"0":{"start":{"line":2,"column":2},"end":{"line":4,"column":3}},"1":{"start":{"line":3,"column":4},"end":{"line":3,"column":45}},"2":{"start":{"line":6,"column":2},"end":{"line":6,"column":35}},"3":{"start":{"line":10,"column":2},"end":{"line":12,"column":3}},"4":{"start":{"line":11,"column":4},"end":{"line":11,"column":46}},"5":{"start":{"line":14,"column":2},"end":{"line":14,"column":54}},"6":{"start":{"line":14,"column":36},"end":{"line":14,"column":52}},"7":{"start":{"line":18,"column":2},"end":{"line":20,"column":3}},"8":{"start":{"line":19,"column":4},"end":{"line":19,"column":46}},"9":{"start":{"line":22,"column":2},"end":{"line":22,"column":42}},"10":{"start":{"line":25,"column":0},"end":{"line":29,"column":2}}},"fnMap":{"0":{"name":"formatName","decl":{"start":{"line":1,"column":9},"end":{"line":1,"column":19}},"loc":{"start":{"line":1,"column":26},"end":{"line":7,"column":1}},"line":1},"1":{"name":"getEvenNumbers","decl":{"start":{"line":9,"column":9},"end":{"line":9,"column":23}},"loc":{"start":{"line":9,"column":33},"end":{"line":15,"column":1}},"line":9},"2":{"name":"(anonymous_2)","decl":{"start":{"line":14,"column":24},"end":{"line":14,"column":25}},"loc":{"start":{"line":14,"column":36},"end":{"line":14,"column":52}},"line":14},"3":{"name":"hasRequiredUserFields","decl":{"start":{"line":17,"column":9},"end":{"line":17,"column":30}},"loc":{"start":{"line":17,"column":37},"end":{"line":23,"column":1}},"line":17}},"branchMap":{"0":{"loc":{"start":{"line":2,"column":2},"end":{"line":4,"column":3}},"type":"if","locations":[{"start":{"line":2,"column":2},"end":{"line":4,"column":3}},{"start":{},"end":{}}],"line":2},"1":{"loc":{"start":{"line":10,"column":2},"end":{"line":12,"column":3}},"type":"if","locations":[{"start":{"line":10,"column":2},"end":{"line":12,"column":3}},{"start":{},"end":{}}],"line":10},"2":{"loc":{"start":{"line":18,"column":2},"end":{"line":20,"column":3}},"type":"if","locations":[{"start":{"line":18,"column":2},"end":{"line":20,"column":3}},{"start":{},"end":{}}],"line":18},"3":{"loc":{"start":{"line":18,"column":6},"end":{"line":18,"column":62}},"type":"binary-expr","locations":[{"start":{"line":18,"column":6},"end":{"line":18,"column":11}},{"start":{"line":18,"column":15},"end":{"line":18,"column":39}},{"start":{"line":18,"column":43},"end":{"line":18,"column":62}}],"line":18},"4":{"loc":{"start":{"line":22,"column":17},"end":{"line":22,"column":40}},"type":"binary-expr","locations":[{"start":{"line":22,"column":17},"end":{"line":22,"column":26}},{"start":{"line":22,"column":30},"end":{"line":22,"column":40}}],"line":22}},"s":{"0":2,"1":1,"2":1,"3":2,"4":1,"5":1,"6":6,"7":4,"8":2,"9":2,"10":1},"f":{"0":2,"1":2,"2":6,"3":4},"b":{"0":[1,1],"1":[1,1],"2":[2,2],"3":[4,3,3],"4":[2,2]},"_coverageSchema":"1a1c01bbd47fc00a2c39e90264f33305004495a9","hash":"5ad6b3114e7dddbcbf269aaecca93c267d0729c4"}
,"/home/yaseen/testing project /src/utils/calculator.js": {"path":"/home/yaseen/testing project /src/utils/calculator.js","statementMap":{"0":{"start":{"line":2,"column":2},"end":{"line":4,"column":3}},"1":{"start":{"line":3,"column":4},"end":{"line":3,"column":51}},"2":{"start":{"line":6,"column":2},"end":{"line":6,"column":15}},"3":{"start":{"line":10,"column":2},"end":{"line":12,"column":3}},"4":{"start":{"line":11,"column":4},"end":{"line":11,"column":51}},"5":{"start":{"line":14,"column":2},"end":{"line":16,"column":3}},"6":{"start":{"line":15,"column":4},"end":{"line":15,"column":45}},"7":{"start":{"line":18,"column":2},"end":{"line":18,"column":15}},"8":{"start":{"line":21,"column":0},"end":{"line":24,"column":2}}},"fnMap":{"0":{"name":"add","decl":{"start":{"line":1,"column":9},"end":{"line":1,"column":12}},"loc":{"start":{"line":1,"column":19},"end":{"line":7,"column":1}},"line":1},"1":{"name":"divide","decl":{"start":{"line":9,"column":9},"end":{"line":9,"column":15}},"loc":{"start":{"line":9,"column":22},"end":{"line":19,"column":1}},"line":9}},"branchMap":{"0":{"loc":{"start":{"line":2,"column":2},"end":{"line":4,"column":3}},"type":"if","locations":[{"start":{"line":2,"column":2},"end":{"line":4,"column":3}},{"start":{},"end":{}}],"line":2},"1":{"loc":{"start":{"line":2,"column":6},"end":{"line":2,"column":52}},"type":"binary-expr","locations":[{"start":{"line":2,"column":6},"end":{"line":2,"column":27}},{"start":{"line":2,"column":31},"end":{"line":2,"column":52}}],"line":2},"2":{"loc":{"start":{"line":10,"column":2},"end":{"line":12,"column":3}},"type":"if","locations":[{"start":{"line":10,"column":2},"end":{"line":12,"column":3}},{"start":{},"end":{}}],"line":10},"3":{"loc":{"start":{"line":10,"column":6},"end":{"line":10,"column":52}},"type":"binary-expr","locations":[{"start":{"line":10,"column":6},"end":{"line":10,"column":27}},{"start":{"line":10,"column":31},"end":{"line":10,"column":52}}],"line":10},"4":{"loc":{"start":{"line":14,"column":2},"end":{"line":16,"column":3}},"type":"if","locations":[{"start":{"line":14,"column":2},"end":{"line":16,"column":3}},{"start":{},"end":{}}],"line":14}},"s":{"0":2,"1":1,"2":1,"3":3,"4":1,"5":2,"6":1,"7":1,"8":1},"f":{"0":2,"1":3},"b":{"0":[1,1],"1":[2,1],"2":[1,2],"3":[3,3],"4":[1,1]},"_coverageSchema":"1a1c01bbd47fc00a2c39e90264f33305004495a9","hash":"0c32ee49a6b5274a2eac9b6eacc807cb43654ff7"}
}
