{"/home/yaseen/student_mangement/src/api/studentApi.js": {"path":"/home/yaseen/student_mangement/src/api/studentApi.js","statementMap":{"0":{"start":{"line":5,"column":2},"end":{"line":5,"column":23}},"1":{"start":{"line":9,"column":2},"end":{"line":9,"column":39}},"2":{"start":{"line":13,"column":2},"end":{"line":19,"column":3}},"3":{"start":{"line":23,"column":14},"end":{"line":23,"column":23}},"4":{"start":{"line":24,"column":17},"end":{"line":24,"column":30}},"5":{"start":{"line":26,"column":2},"end":{"line":26,"column":25}},"6":{"start":{"line":28,"column":2},"end":{"line":30,"column":4}},"7":{"start":{"line":29,"column":4},"end":{"line":29,"column":34}},"8":{"start":{"line":32,"column":2},"end":{"line":48,"column":4}},"9":{"start":{"line":33,"column":4},"end":{"line":36,"column":5}},"10":{"start":{"line":34,"column":6},"end":{"line":34,"column":61}},"11":{"start":{"line":35,"column":6},"end":{"line":35,"column":12}},"12":{"start":{"line":38,"column":20},"end":{"line":44,"column":5}},"13":{"start":{"line":46,"column":4},"end":{"line":46,"column":26}},"14":{"start":{"line":47,"column":4},"end":{"line":47,"column":33}},"15":{"start":{"line":50,"column":2},"end":{"line":72,"column":4}},"16":{"start":{"line":51,"column":18},"end":{"line":51,"column":79}},"17":{"start":{"line":51,"column":50},"end":{"line":51,"column":78}},"18":{"start":{"line":53,"column":4},"end":{"line":56,"column":5}},"19":{"start":{"line":54,"column":6},"end":{"line":54,"column":58}},"20":{"start":{"line":55,"column":6},"end":{"line":55,"column":12}},"21":{"start":{"line":58,"column":4},"end":{"line":61,"column":5}},"22":{"start":{"line":59,"column":6},"end":{"line":59,"column":61}},"23":{"start":{"line":60,"column":6},"end":{"line":60,"column":12}},"24":{"start":{"line":63,"column":4},"end":{"line":69,"column":5}},"25":{"start":{"line":71,"column":4},"end":{"line":71,"column":41}},"26":{"start":{"line":74,"column":2},"end":{"line":84,"column":4}},"27":{"start":{"line":75,"column":18},"end":{"line":75,"column":79}},"28":{"start":{"line":75,"column":50},"end":{"line":75,"column":78}},"29":{"start":{"line":77,"column":4},"end":{"line":80,"column":5}},"30":{"start":{"line":78,"column":6},"end":{"line":78,"column":58}},"31":{"start":{"line":79,"column":6},"end":{"line":79,"column":12}},"32":{"start":{"line":82,"column":29},"end":{"line":82,"column":54}},"33":{"start":{"line":83,"column":4},"end":{"line":83,"column":40}},"34":{"start":{"line":86,"column":2},"end":{"line":86,"column":12}}},"fnMap":{"0":{"name":"cloneStudent","decl":{"start":{"line":4,"column":9},"end":{"line":4,"column":21}},"loc":{"start":{"line":4,"column":31},"end":{"line":6,"column":1}},"line":4},"1":{"name":"createStore","decl":{"start":{"line":8,"column":9},"end":{"line":8,"column":20}},"loc":{"start":{"line":8,"column":23},"end":{"line":10,"column":1}},"line":8},"2":{"name":"isValidStudentPayload","decl":{"start":{"line":12,"column":9},"end":{"line":12,"column":30}},"loc":{"start":{"line":12,"column":40},"end":{"line":20,"column":1}},"line":12},"3":{"name":"createStudentApiApp","decl":{"start":{"line":22,"column":16},"end":{"line":22,"column":35}},"loc":{"start":{"line":22,"column":38},"end":{"line":87,"column":1}},"line":22},"4":{"name":"(anonymous_4)","decl":{"start":{"line":28,"column":23},"end":{"line":28,"column":24}},"loc":{"start":{"line":28,"column":37},"end":{"line":30,"column":3}},"line":28},"5":{"name":"(anonymous_5)","decl":{"start":{"line":32,"column":24},"end":{"line":32,"column":25}},"loc":{"start":{"line":32,"column":38},"end":{"line":48,"column":3}},"line":32},"6":{"name":"(anonymous_6)","decl":{"start":{"line":50,"column":27},"end":{"line":50,"column":28}},"loc":{"start":{"line":50,"column":41},"end":{"line":72,"column":3}},"line":50},"7":{"name":"(anonymous_7)","decl":{"start":{"line":51,"column":37},"end":{"line":51,"column":38}},"loc":{"start":{"line":51,"column":50},"end":{"line":51,"column":78}},"line":51},"8":{"name":"(anonymous_8)","decl":{"start":{"line":74,"column":30},"end":{"line":74,"column":31}},"loc":{"start":{"line":74,"column":44},"end":{"line":84,"column":3}},"line":74},"9":{"name":"(anonymous_9)","decl":{"start":{"line":75,"column":37},"end":{"line":75,"column":38}},"loc":{"start":{"line":75,"column":50},"end":{"line":75,"column":78}},"line":75}},"branchMap":{"0":{"loc":{"start":{"line":14,"column":4},"end":{"line":18,"column":42}},"type":"binary-expr","locations":[{"start":{"line":14,"column":4},"end":{"line":14,"column":11}},{"start":{"line":15,"column":4},"end":{"line":15,"column":39}},{"start":{"line":16,"column":4},"end":{"line":16,"column":33}},{"start":{"line":17,"column":4},"end":{"line":17,"column":40}},{"start":{"line":18,"column":4},"end":{"line":18,"column":42}}],"line":14},"1":{"loc":{"start":{"line":33,"column":4},"end":{"line":36,"column":5}},"type":"if","locations":[{"start":{"line":33,"column":4},"end":{"line":36,"column":5}},{"start":{},"end":{}}],"line":33},"2":{"loc":{"start":{"line":43,"column":14},"end":{"line":43,"column":41}},"type":"binary-expr","locations":[{"start":{"line":43,"column":14},"end":{"line":43,"column":29}},{"start":{"line":43,"column":33},"end":{"line":43,"column":41}}],"line":43},"3":{"loc":{"start":{"line":53,"column":4},"end":{"line":56,"column":5}},"type":"if","locations":[{"start":{"line":53,"column":4},"end":{"line":56,"column":5}},{"start":{},"end":{}}],"line":53},"4":{"loc":{"start":{"line":58,"column":4},"end":{"line":61,"column":5}},"type":"if","locations":[{"start":{"line":58,"column":4},"end":{"line":61,"column":5}},{"start":{},"end":{}}],"line":58},"5":{"loc":{"start":{"line":68,"column":14},"end":{"line":68,"column":55}},"type":"binary-expr","locations":[{"start":{"line":68,"column":14},"end":{"line":68,"column":29}},{"start":{"line":68,"column":33},"end":{"line":68,"column":55}}],"line":68},"6":{"loc":{"start":{"line":77,"column":4},"end":{"line":80,"column":5}},"type":"if","locations":[{"start":{"line":77,"column":4},"end":{"line":80,"column":5}},{"start":{},"end":{}}],"line":77}},"s":{"0":32,"1":4,"2":6,"3":4,"4":4,"5":4,"6":4,"7":1,"8":4,"9":4,"10":1,"11":1,"12":3,"13":3,"14":3,"15":4,"16":3,"17":27,"18":3,"19":1,"20":1,"21":2,"22":1,"23":1,"24":1,"25":1,"26":4,"27":2,"28":17,"29":2,"30":1,"31":1,"32":1,"33":1,"34":4},"f":{"0":32,"1":4,"2":6,"3":4,"4":1,"5":4,"6":3,"7":27,"8":2,"9":17},"b":{"0":[6,6,6,4,4],"1":[1,3],"2":[3,1],"3":[1,2],"4":[1,1],"5":[1,0],"6":[1,1]},"_coverageSchema":"1a1c01bbd47fc00a2c39e90264f33305004495a9","hash":"33f920f9aa4eff4491694f60df778ac9b3756ce7"}
,"/home/yaseen/student_mangement/src/pages/AddStudent.jsx": {"path":"/home/yaseen/student_mangement/src/pages/AddStudent.jsx","statementMap":{"0":{"start":{"line":7,"column":2},"end":{"line":11,"column":3}},"1":{"start":{"line":15,"column":25},"end":{"line":15,"column":38}},"2":{"start":{"line":16,"column":19},"end":{"line":16,"column":32}},"3":{"start":{"line":17,"column":36},"end":{"line":17,"column":51}},"4":{"start":{"line":19,"column":23},"end":{"line":23,"column":3}},"5":{"start":{"line":20,"column":4},"end":{"line":20,"column":20}},"6":{"start":{"line":21,"column":4},"end":{"line":21,"column":22}},"7":{"start":{"line":22,"column":4},"end":{"line":22,"column":45}},"8":{"start":{"line":25,"column":2},"end":{"line":47,"column":3}},"9":{"start":{"line":34,"column":70},"end":{"line":34,"column":91}},"10":{"start":{"line":51,"column":2},"end":{"line":61,"column":4}},"11":{"start":{"line":52,"column":4},"end":{"line":55,"column":5}},"12":{"start":{"line":53,"column":6},"end":{"line":53,"column":58}},"13":{"start":{"line":54,"column":6},"end":{"line":54,"column":12}},"14":{"start":{"line":57,"column":4},"end":{"line":60,"column":13}},"15":{"start":{"line":58,"column":6},"end":{"line":58,"column":20}},"16":{"start":{"line":59,"column":6},"end":{"line":59,"column":19}}},"fnMap":{"0":{"name":"CheckIcon","decl":{"start":{"line":6,"column":9},"end":{"line":6,"column":18}},"loc":{"start":{"line":6,"column":21},"end":{"line":12,"column":1}},"line":6},"1":{"name":"AddStudent","decl":{"start":{"line":14,"column":24},"end":{"line":14,"column":34}},"loc":{"start":{"line":14,"column":37},"end":{"line":48,"column":1}},"line":14},"2":{"name":"(anonymous_2)","decl":{"start":{"line":19,"column":23},"end":{"line":19,"column":24}},"loc":{"start":{"line":19,"column":33},"end":{"line":23,"column":3}},"line":19},"3":{"name":"(anonymous_3)","decl":{"start":{"line":34,"column":64},"end":{"line":34,"column":65}},"loc":{"start":{"line":34,"column":70},"end":{"line":34,"column":91}},"line":34},"4":{"name":"navigateAfterDelay","decl":{"start":{"line":50,"column":16},"end":{"line":50,"column":34}},"loc":{"start":{"line":50,"column":65},"end":{"line":62,"column":1}},"line":50},"5":{"name":"(anonymous_5)","decl":{"start":{"line":51,"column":21},"end":{"line":51,"column":22}},"loc":{"start":{"line":51,"column":42},"end":{"line":61,"column":3}},"line":51},"6":{"name":"(anonymous_6)","decl":{"start":{"line":57,"column":15},"end":{"line":57,"column":16}},"loc":{"start":{"line":57,"column":21},"end":{"line":60,"column":5}},"line":57}},"branchMap":{"0":{"loc":{"start":{"line":36,"column":7},"end":{"line":45,"column":7}},"type":"binary-expr","locations":[{"start":{"line":36,"column":7},"end":{"line":36,"column":16}},{"start":{"line":37,"column":8},"end":{"line":44,"column":14}}],"line":36},"1":{"loc":{"start":{"line":50,"column":51},"end":{"line":50,"column":63}},"type":"default-arg","locations":[{"start":{"line":50,"column":59},"end":{"line":50,"column":63}}],"line":50},"2":{"loc":{"start":{"line":52,"column":4},"end":{"line":55,"column":5}},"type":"if","locations":[{"start":{"line":52,"column":4},"end":{"line":55,"column":5}},{"start":{},"end":{}}],"line":52}},"s":{"0":1,"1":2,"2":2,"3":2,"4":2,"5":1,"6":1,"7":1,"8":2,"9":1,"10":3,"11":3,"12":1,"13":1,"14":2,"15":2,"16":2},"f":{"0":1,"1":2,"2":1,"3":1,"4":3,"5":3,"6":2},"b":{"0":[2,1],"1":[2],"2":[1,2]},"_coverageSchema":"1a1c01bbd47fc00a2c39e90264f33305004495a9","hash":"a728469c7bbe516f690242f59873040b05400e56"}
}
