TN:
SF:src/app.js
FNF:0
FNH:0
DA:1,1
DA:2,1
DA:4,1
DA:6,1
DA:8,1
DA:10,1
LF:6
LH:6
BRF:0
BRH:0
end_of_record
TN:
SF:src/controllers/user-controller.js
FN:3,getUsers
FN:9,createUser
FN:23,updateUser
FN:38,deleteUser
FNF:4
FNH:4
FNDA:1,getUsers
FNDA:5,createUser
FNDA:3,updateUser
FNDA:2,deleteUser
DA:1,1
DA:4,1
DA:10,5
DA:11,5
DA:12,4
DA:17,1
DA:24,3
DA:25,3
DA:26,3
DA:27,1
DA:32,2
DA:39,2
DA:40,2
DA:41,2
DA:42,1
DA:47,1
DA:53,1
LF:17
LH:17
BRF:0
BRH:0
end_of_record
TN:
SF:src/routes/user-routes.js
FNF:0
FNH:0
DA:1,1
DA:2,1
DA:4,1
DA:6,1
DA:7,1
DA:8,1
DA:9,1
DA:11,1
LF:8
LH:8
BRF:0
BRH:0
end_of_record
TN:
SF:src/services/email-service.js
FN:1,sendWelcomeEmail
FNF:1
FNH:1
FNDA:1,sendWelcomeEmail
DA:2,1
DA:5,1
LF:2
LH:2
BRF:0
BRH:0
end_of_record
TN:
SF:src/services/fake-api.js
FN:1,fetchMessage
FN:2,(anonymous_1)
FN:3,(anonymous_2)
FN:16,loadMessage
FNF:4
FNH:4
FNDA:3,fetchMessage
FNDA:3,(anonymous_1)
FNDA:3,(anonymous_2)
FNDA:1,loadMessage
DA:2,3
DA:3,3
DA:4,3
DA:5,1
DA:6,1
DA:9,2
DA:17,1
DA:18,1
DA:21,1
LF:9
LH:9
BRDA:1,0,0,2
BRDA:4,1,0,1
BRDA:4,1,1,2
BRF:3
BRH:3
end_of_record
TN:
SF:src/services/notification-service.js
FN:3,notifyNewUser
FNF:1
FNH:1
FNDA:2,notifyNewUser
DA:1,1
DA:4,2
DA:5,1
DA:8,1
DA:9,1
DA:15,1
LF:6
LH:6
BRDA:4,0,0,1
BRDA:4,0,1,1
BRDA:4,1,0,2
BRDA:4,1,1,2
BRDA:4,1,2,1
BRF:5
BRH:5
end_of_record
TN:
SF:src/services/user-store.js
FN:4,createError
FN:10,validateUser
FN:16,getUsers
FN:17,(anonymous_3)
FN:20,findUserById
FN:21,(anonymous_5)
FN:24,addUser
FN:37,updateUser
FN:46,(anonymous_8)
FN:50,deleteUser
FN:51,(anonymous_10)
FN:60,resetUsers
FNF:12
FNH:11
FNDA:5,createError
FNDA:11,validateUser
FNDA:1,getUsers
FNDA:0,(anonymous_3)
FNDA:5,findUserById
FNDA:4,(anonymous_5)
FNDA:8,addUser
FNDA:4,updateUser
FNDA:3,(anonymous_8)
FNDA:2,deleteUser
FNDA:1,(anonymous_10)
FNDA:10,resetUsers
DA:1,2
DA:2,2
DA:5,5
DA:6,5
DA:7,5
DA:11,11
DA:12,3
DA:17,1
DA:21,5
DA:25,8
DA:27,6
DA:33,6
DA:34,6
DA:38,4
DA:39,4
DA:40,1
DA:43,3
DA:44,3
DA:46,3
DA:47,2
DA:51,2
DA:52,2
DA:53,1
DA:56,1
DA:57,1
DA:61,10
DA:62,10
DA:65,2
LF:28
LH:28
BRDA:11,0,0,3
BRDA:11,0,1,8
BRDA:11,1,0,11
BRDA:11,1,1,11
BRDA:11,1,2,9
BRDA:21,2,0,5
BRDA:21,2,1,1
BRDA:39,3,0,1
BRDA:39,3,1,3
BRDA:46,4,0,2
BRDA:46,4,1,1
BRDA:52,5,0,1
BRDA:52,5,1,1
BRF:13
BRH:13
end_of_record
TN:
SF:src/utils/basic-utils.js
FN:1,formatName
FN:9,getEvenNumbers
FN:14,(anonymous_2)
FN:17,hasRequiredUserFields
FNF:4
FNH:4
FNDA:2,formatName
FNDA:2,getEvenNumbers
FNDA:6,(anonymous_2)
FNDA:4,hasRequiredUserFields
DA:2,2
DA:3,1
DA:6,1
DA:10,2
DA:11,1
DA:14,6
DA:18,4
DA:19,2
DA:22,2
DA:25,1
LF:10
LH:10
BRDA:2,0,0,1
BRDA:2,0,1,1
BRDA:10,1,0,1
BRDA:10,1,1,1
BRDA:18,2,0,2
BRDA:18,2,1,2
BRDA:18,3,0,4
BRDA:18,3,1,3
BRDA:18,3,2,3
BRDA:22,4,0,2
BRDA:22,4,1,2
BRF:11
BRH:11
end_of_record
TN:
SF:src/utils/calculator.js
FN:1,add
FN:9,divide
FNF:2
FNH:2
FNDA:2,add
FNDA:3,divide
DA:2,2
DA:3,1
DA:6,1
DA:10,3
DA:11,1
DA:14,2
DA:15,1
DA:18,1
DA:21,1
LF:9
LH:9
BRDA:2,0,0,1
BRDA:2,0,1,1
BRDA:2,1,0,2
BRDA:2,1,1,1
BRDA:10,2,0,1
BRDA:10,2,1,2
BRDA:10,3,0,3
BRDA:10,3,1,3
BRDA:14,4,0,1
BRDA:14,4,1,1
BRF:10
BRH:10
end_of_record
