TN:
SF:src/api/studentApi.js
FN:4,cloneStudent
FN:8,createStore
FN:12,isValidStudentPayload
FN:22,createStudentApiApp
FN:28,(anonymous_4)
FN:32,(anonymous_5)
FN:50,(anonymous_6)
FN:51,(anonymous_7)
FN:74,(anonymous_8)
FN:75,(anonymous_9)
FNF:10
FNH:10
FNDA:32,cloneStudent
FNDA:4,createStore
FNDA:6,isValidStudentPayload
FNDA:4,createStudentApiApp
FNDA:1,(anonymous_4)
FNDA:4,(anonymous_5)
FNDA:3,(anonymous_6)
FNDA:27,(anonymous_7)
FNDA:2,(anonymous_8)
FNDA:17,(anonymous_9)
DA:5,32
DA:9,4
DA:13,6
DA:23,4
DA:24,4
DA:26,4
DA:28,4
DA:29,1
DA:32,4
DA:33,4
DA:34,1
DA:35,1
DA:38,3
DA:46,3
DA:47,3
DA:50,4
DA:51,27
DA:53,3
DA:54,1
DA:55,1
DA:58,2
DA:59,1
DA:60,1
DA:63,1
DA:71,1
DA:74,4
DA:75,17
DA:77,2
DA:78,1
DA:79,1
DA:82,1
DA:83,1
DA:86,4
LF:33
LH:33
BRDA:14,0,0,6
BRDA:14,0,1,6
BRDA:14,0,2,6
BRDA:14,0,3,4
BRDA:14,0,4,4
BRDA:33,1,0,1
BRDA:33,1,1,3
BRDA:43,2,0,3
BRDA:43,2,1,1
BRDA:53,3,0,1
BRDA:53,3,1,2
BRDA:58,4,0,1
BRDA:58,4,1,1
BRDA:68,5,0,1
BRDA:68,5,1,0
BRDA:77,6,0,1
BRDA:77,6,1,1
BRF:17
BRH:16
end_of_record
TN:
SF:src/pages/AddStudent.jsx
FN:6,CheckIcon
FN:14,AddStudent
FN:19,(anonymous_2)
FN:34,(anonymous_3)
FN:50,navigateAfterDelay
FN:51,(anonymous_5)
FN:57,(anonymous_6)
FNF:7
FNH:7
FNDA:1,CheckIcon
FNDA:2,AddStudent
FNDA:1,(anonymous_2)
FNDA:1,(anonymous_3)
FNDA:3,navigateAfterDelay
FNDA:3,(anonymous_5)
FNDA:2,(anonymous_6)
DA:7,1
DA:15,2
DA:16,2
DA:17,2
DA:19,2
DA:20,1
DA:21,1
DA:22,1
DA:25,2
DA:34,1
DA:51,3
DA:52,3
DA:53,1
DA:54,1
DA:57,2
DA:58,2
DA:59,2
LF:17
LH:17
BRDA:36,0,0,2
BRDA:36,0,1,1
BRDA:50,1,0,2
BRDA:52,2,0,1
BRDA:52,2,1,2
BRF:5
BRH:5
end_of_record
